Build started 10/28/2014 2:46:15 PM.
     1>Project "C:\Users\wade.gushikuma\Desktop\anti-pokemon-master\AIE Template.vcxproj" on node 2 (Build target(s)).
     1>ClCompile:
         C:\Program Files (x86)\Microsoft Visual Studio 12.0\VC\bin\CL.exe /c /I./ /I./include/ /ZI /nologo /W3 /WX- /Od /Oy- /D WIN32 /D _DEBUG /D _WINDOWS /D _MBCS /Gm /EHsc /RTC1 /MDd /GS /fp:precise /Zc:wchar_t /Zc:forScope /Fo"obj\\" /Fd"obj\vc120.pdb" /Gd /TP /analyze- /errorReport:prompt source\main.cpp
         main.cpp
     1>c:\users\wade.gushikuma\desktop\anti-pokemon-master\background.h(25): warning C4244: 'initializing' : conversion from 'float' to 'const int', possible loss of data
     1>c:\users\wade.gushikuma\desktop\anti-pokemon-master\background.h(26): warning C4244: 'initializing' : conversion from 'float' to 'const int', possible loss of data
     1>c:\users\wade.gushikuma\desktop\anti-pokemon-master\source\main.cpp(46): warning C4244: 'argument' : conversion from 'float' to 'int', possible loss of data
     1>c:\users\wade.gushikuma\desktop\anti-pokemon-master\source\main.cpp(47): warning C4244: 'argument' : conversion from 'float' to 'int', possible loss of data
     1>c:\users\wade.gushikuma\desktop\anti-pokemon-master\source\main.cpp(48): warning C4244: 'argument' : conversion from 'float' to 'int', possible loss of data
     1>c:\users\wade.gushikuma\desktop\anti-pokemon-master\source\main.cpp(145): warning C4244: 'argument' : conversion from 'float' to 'int', possible loss of data
     1>c:\users\wade.gushikuma\desktop\anti-pokemon-master\source\main.cpp(146): warning C4244: 'argument' : conversion from 'float' to 'int', possible loss of data
     1>c:\users\wade.gushikuma\desktop\anti-pokemon-master\source\main.cpp(151): warning C4244: 'argument' : conversion from 'float' to 'int', possible loss of data
     1>c:\users\wade.gushikuma\desktop\anti-pokemon-master\source\main.cpp(164): warning C4244: 'argument' : conversion from 'double' to 'int', possible loss of data
     1>c:\users\wade.gushikuma\desktop\anti-pokemon-master\source\main.cpp(171): warning C4244: 'argument' : conversion from 'float' to 'int', possible loss of data
     1>c:\users\wade.gushikuma\desktop\anti-pokemon-master\source\main.cpp(172): warning C4244: 'argument' : conversion from 'float' to 'int', possible loss of data
     1>c:\users\wade.gushikuma\desktop\anti-pokemon-master\source\main.cpp(176): warning C4244: 'argument' : conversion from 'float' to 'int', possible loss of data
     1>c:\users\wade.gushikuma\desktop\anti-pokemon-master\source\main.cpp(177): warning C4244: 'argument' : conversion from 'float' to 'int', possible loss of data
     1>c:\users\wade.gushikuma\desktop\anti-pokemon-master\source\main.cpp(181): warning C4244: 'argument' : conversion from 'double' to 'int', possible loss of data
     1>c:\users\wade.gushikuma\desktop\anti-pokemon-master\source\main.cpp(186): warning C4244: 'argument' : conversion from 'float' to 'int', possible loss of data
     1>c:\users\wade.gushikuma\desktop\anti-pokemon-master\source\main.cpp(191): warning C4244: 'argument' : conversion from 'float' to 'int', possible loss of data
     1>c:\users\wade.gushikuma\desktop\anti-pokemon-master\source\main.cpp(196): warning C4244: 'argument' : conversion from 'double' to 'int', possible loss of data
     1>c:\users\wade.gushikuma\desktop\anti-pokemon-master\source\main.cpp(200): warning C4244: 'argument' : conversion from 'double' to 'int', possible loss of data
     1>c:\users\wade.gushikuma\desktop\anti-pokemon-master\source\main.cpp(204): warning C4244: 'argument' : conversion from 'double' to 'int', possible loss of data
     1>c:\users\wade.gushikuma\desktop\anti-pokemon-master\source\main.cpp(208): warning C4244: 'argument' : conversion from 'double' to 'int', possible loss of data
     1>c:\users\wade.gushikuma\desktop\anti-pokemon-master\source\main.cpp(212): warning C4244: 'argument' : conversion from 'double' to 'int', possible loss of data
     1>c:\users\wade.gushikuma\desktop\anti-pokemon-master\source\main.cpp(216): warning C4244: 'argument' : conversion from 'double' to 'int', possible loss of data
     1>c:\users\wade.gushikuma\desktop\anti-pokemon-master\source\main.cpp(220): warning C4244: 'argument' : conversion from 'double' to 'int', possible loss of data
     1>c:\users\wade.gushikuma\desktop\anti-pokemon-master\source\main.cpp(224): warning C4244: 'argument' : conversion from 'double' to 'int', possible loss of data
     1>c:\users\wade.gushikuma\desktop\anti-pokemon-master\source\main.cpp(245): warning C4244: 'argument' : conversion from 'float' to 'int', possible loss of data
     1>c:\users\wade.gushikuma\desktop\anti-pokemon-master\source\main.cpp(253): warning C4244: 'argument' : conversion from 'float' to 'int', possible loss of data
       Link:
         C:\Program Files (x86)\Microsoft Visual Studio 12.0\VC\bin\link.exe /ERRORREPORT:PROMPT /OUT:"bin\AIE Template_d.exe" /INCREMENTAL /NOLOGO /LIBPATH:./libs AIE_1st_Year_Framework_d.lib kernel32.lib kernel32.lib user32.lib gdi32.lib winspool.lib comdlg32.lib advapi32.lib shell32.lib ole32.lib oleaut32.lib uuid.lib odbc32.lib odbccp32.lib /MANIFEST /MANIFESTUAC:"level='asInvoker' uiAccess='false'" /manifest:embed /DEBUG /PDB:"bin\AIE Template_d.pdb" /TLBID:1 /DYNAMICBASE /NXCOMPAT /IMPLIB:"bin\AIE Template_d.lib" /MACHINE:X86 obj\background.obj
         obj\Weapon.obj
         obj\Enemy.obj
         obj\player.obj
         obj\main.obj
         AIE_1st_Year_Framework_d.lib(SOIL.obj) : MSIL .netmodule or module compiled with /GL found; restarting link with /LTCG; add /LTCG to the link command line to improve linker performance
     1>LINK : warning LNK4075: ignoring '/INCREMENTAL' due to '/LTCG' specification
     1>background.obj : warning LNK4075: ignoring '/EDITANDCONTINUE' due to '/OPT:LBR' specification
     1>LINK : warning LNK4098: defaultlib 'LIBCMT' conflicts with use of other libs; use /NODEFAULTLIB:library
     1>LINK : warning LNK4098: defaultlib 'MSVCRT' conflicts with use of other libs; use /NODEFAULTLIB:library
         Generating code
         Finished generating code
     1>AIE_1st_Year_Framework_d.lib(SOIL.obj) : warning LNK4099: PDB 'vc110.pdb' was not found with 'AIE_1st_Year_Framework_d.lib(SOIL.obj)' or at 'C:\Users\wade.gushikuma\Desktop\anti-pokemon-master\bin\vc110.pdb'; linking object as if no debug info
     1>AIE_1st_Year_Framework_d.lib(stb_image_aug.obj) : warning LNK4099: PDB 'vc110.pdb' was not found with 'AIE_1st_Year_Framework_d.lib(stb_image_aug.obj)' or at 'C:\Users\wade.gushikuma\Desktop\anti-pokemon-master\bin\vc110.pdb'; linking object as if no debug info
     1>AIE_1st_Year_Framework_d.lib(image_helper.obj) : warning LNK4099: PDB 'vc110.pdb' was not found with 'AIE_1st_Year_Framework_d.lib(image_helper.obj)' or at 'C:\Users\wade.gushikuma\Desktop\anti-pokemon-master\bin\vc110.pdb'; linking object as if no debug info
     1>AIE_1st_Year_Framework_d.lib(image_DXT.obj) : warning LNK4099: PDB 'vc110.pdb' was not found with 'AIE_1st_Year_Framework_d.lib(image_DXT.obj)' or at 'C:\Users\wade.gushikuma\Desktop\anti-pokemon-master\bin\vc110.pdb'; linking object as if no debug info
     1>AIE_1st_Year_Framework_d.lib(tinystr.obj) : warning LNK4099: PDB 'vc120.pdb' was not found with 'AIE_1st_Year_Framework_d.lib(tinystr.obj)' or at 'C:\Users\wade.gushikuma\Desktop\anti-pokemon-master\bin\vc120.pdb'; linking object as if no debug info
     1>AIE_1st_Year_Framework_d.lib(tinyxml.obj) : warning LNK4099: PDB 'vc120.pdb' was not found with 'AIE_1st_Year_Framework_d.lib(tinyxml.obj)' or at 'C:\Users\wade.gushikuma\Desktop\anti-pokemon-master\bin\vc120.pdb'; linking object as if no debug info
     1>AIE_1st_Year_Framework_d.lib(tinyxmlerror.obj) : warning LNK4099: PDB 'vc120.pdb' was not found with 'AIE_1st_Year_Framework_d.lib(tinyxmlerror.obj)' or at 'C:\Users\wade.gushikuma\Desktop\anti-pokemon-master\bin\vc120.pdb'; linking object as if no debug info
     1>AIE_1st_Year_Framework_d.lib(tinyxmlHelper.obj) : warning LNK4099: PDB 'vc120.pdb' was not found with 'AIE_1st_Year_Framework_d.lib(tinyxmlHelper.obj)' or at 'C:\Users\wade.gushikuma\Desktop\anti-pokemon-master\bin\vc120.pdb'; linking object as if no debug info
     1>AIE_1st_Year_Framework_d.lib(tinyxmlparser.obj) : warning LNK4099: PDB 'vc120.pdb' was not found with 'AIE_1st_Year_Framework_d.lib(tinyxmlparser.obj)' or at 'C:\Users\wade.gushikuma\Desktop\anti-pokemon-master\bin\vc120.pdb'; linking object as if no debug info
     1>AIE_1st_Year_Framework_d.lib(AIE.obj) : warning LNK4099: PDB 'vc120.pdb' was not found with 'AIE_1st_Year_Framework_d.lib(AIE.obj)' or at 'C:\Users\wade.gushikuma\Desktop\anti-pokemon-master\bin\vc120.pdb'; linking object as if no debug info
     1>AIE_1st_Year_Framework_d.lib(AIE_Framework.obj) : warning LNK4099: PDB 'vc120.pdb' was not found with 'AIE_1st_Year_Framework_d.lib(AIE_Framework.obj)' or at 'C:\Users\wade.gushikuma\Desktop\anti-pokemon-master\bin\vc120.pdb'; linking object as if no debug info
     1>AIE_1st_Year_Framework_d.lib(BasicSprite.obj) : warning LNK4099: PDB 'vc120.pdb' was not found with 'AIE_1st_Year_Framework_d.lib(BasicSprite.obj)' or at 'C:\Users\wade.gushikuma\Desktop\anti-pokemon-master\bin\vc120.pdb'; linking object as if no debug info
     1>AIE_1st_Year_Framework_d.lib(Font.obj) : warning LNK4099: PDB 'vc120.pdb' was not found with 'AIE_1st_Year_Framework_d.lib(Font.obj)' or at 'C:\Users\wade.gushikuma\Desktop\anti-pokemon-master\bin\vc120.pdb'; linking object as if no debug info
     1>AIE_1st_Year_Framework_d.lib(FontManager.obj) : warning LNK4099: PDB 'vc120.pdb' was not found with 'AIE_1st_Year_Framework_d.lib(FontManager.obj)' or at 'C:\Users\wade.gushikuma\Desktop\anti-pokemon-master\bin\vc120.pdb'; linking object as if no debug info
     1>AIE_1st_Year_Framework_d.lib(Gizmos.obj) : warning LNK4099: PDB 'vc120.pdb' was not found with 'AIE_1st_Year_Framework_d.lib(Gizmos.obj)' or at 'C:\Users\wade.gushikuma\Desktop\anti-pokemon-master\bin\vc120.pdb'; linking object as if no debug info
     1>AIE_1st_Year_Framework_d.lib(SpriteManager.obj) : warning LNK4099: PDB 'vc120.pdb' was not found with 'AIE_1st_Year_Framework_d.lib(SpriteManager.obj)' or at 'C:\Users\wade.gushikuma\Desktop\anti-pokemon-master\bin\vc120.pdb'; linking object as if no debug info
     1>AIE_1st_Year_Framework_d.lib(strHandler.obj) : warning LNK4099: PDB 'vc120.pdb' was not found with 'AIE_1st_Year_Framework_d.lib(strHandler.obj)' or at 'C:\Users\wade.gushikuma\Desktop\anti-pokemon-master\bin\vc120.pdb'; linking object as if no debug info
     1>AIE_1st_Year_Framework_d.lib(Texture.obj) : warning LNK4099: PDB 'vc120.pdb' was not found with 'AIE_1st_Year_Framework_d.lib(Texture.obj)' or at 'C:\Users\wade.gushikuma\Desktop\anti-pokemon-master\bin\vc120.pdb'; linking object as if no debug info
     1>AIE_1st_Year_Framework_d.lib(TextureManager.obj) : warning LNK4099: PDB 'vc120.pdb' was not found with 'AIE_1st_Year_Framework_d.lib(TextureManager.obj)' or at 'C:\Users\wade.gushikuma\Desktop\anti-pokemon-master\bin\vc120.pdb'; linking object as if no debug info
     1>AIE_1st_Year_Framework_d.lib(Utilities.obj) : warning LNK4099: PDB 'vc120.pdb' was not found with 'AIE_1st_Year_Framework_d.lib(Utilities.obj)' or at 'C:\Users\wade.gushikuma\Desktop\anti-pokemon-master\bin\vc120.pdb'; linking object as if no debug info
     1>AIE_1st_Year_Framework_d.lib(glew.obj) : warning LNK4099: PDB 'vc100.pdb' was not found with 'AIE_1st_Year_Framework_d.lib(glew.obj)' or at 'C:\Users\wade.gushikuma\Desktop\anti-pokemon-master\bin\vc100.pdb'; linking object as if no debug info
         AIE Template.vcxproj -> C:\Users\wade.gushikuma\Desktop\anti-pokemon-master\bin\AIE Template_d.exe
     1>Done Building Project "C:\Users\wade.gushikuma\Desktop\anti-pokemon-master\AIE Template.vcxproj" (Build target(s)).

Build succeeded.

Time Elapsed 00:00:01.18
